2025-09-18 21:26:01 INFO  [background-preinit] o.h.validator.internal.util.Version - HV000001: Hibernate Validator 8.0.3.Final
2025-09-18 21:26:01 INFO  [restartedMain] c.h.HotelProjectApplication - Starting HotelProjectApplication using Java 21.0.7 with PID 11996 (D:\mjc813\Github\c_team_project\hotel_project\target\classes started by MJC in D:\mjc813\Github\c_team_project\hotel_project)
2025-09-18 21:26:01 INFO  [restartedMain] c.h.HotelProjectApplication - The following 1 profile is active: "local"
2025-09-18 21:26:01 INFO  [restartedMain] o.s.b.d.e.DevToolsPropertyDefaultsPostProcessor - Devtools property defaults active! Set 'spring.devtools.add-properties' to 'false' to disable
2025-09-18 21:26:01 INFO  [restartedMain] o.s.b.d.e.DevToolsPropertyDefaultsPostProcessor - For additional web related logging consider setting the 'logging.level.web' property to 'DEBUG'
2025-09-18 21:26:02 INFO  [restartedMain] o.s.d.r.c.RepositoryConfigurationDelegate - Bootstrapping Spring Data JPA repositories in DEFAULT mode.
2025-09-18 21:26:02 INFO  [restartedMain] o.s.d.r.c.RepositoryConfigurationDelegate - Finished Spring Data repository scanning in 30 ms. Found 0 JPA repository interfaces.
2025-09-18 21:26:02 WARN  [restartedMain] o.m.s.mapper.ClassPathMapperScanner - No MyBatis mapper was found in '[com.hotel_project]' package. Please check your configuration.
2025-09-18 21:26:02 INFO  [restartedMain] o.s.b.w.e.tomcat.TomcatWebServer - Tomcat initialized with port 8080 (http)
2025-09-18 21:26:02 INFO  [restartedMain] o.a.coyote.http11.Http11NioProtocol - Initializing ProtocolHandler ["http-nio-8080"]
2025-09-18 21:26:02 INFO  [restartedMain] o.a.catalina.core.StandardService - Starting service [Tomcat]
2025-09-18 21:26:02 INFO  [restartedMain] o.a.catalina.core.StandardEngine - Starting Servlet engine: [Apache Tomcat/10.1.44]
2025-09-18 21:26:02 INFO  [restartedMain] o.a.c.c.C.[Tomcat].[localhost].[/] - Initializing Spring embedded WebApplicationContext
2025-09-18 21:26:02 INFO  [restartedMain] o.s.b.w.s.c.ServletWebServerApplicationContext - Root WebApplicationContext: initialization completed in 1413 ms
2025-09-18 21:26:03 INFO  [restartedMain] o.h.jpa.internal.util.LogHelper - HHH000204: Processing PersistenceUnitInfo [name: default]
2025-09-18 21:26:03 INFO  [restartedMain] org.hibernate.Version - HHH000412: Hibernate ORM core version 6.6.26.Final
2025-09-18 21:26:03 INFO  [restartedMain] o.h.c.i.RegionFactoryInitiator - HHH000026: Second-level cache disabled
2025-09-18 21:26:03 INFO  [restartedMain] o.s.o.j.p.SpringPersistenceUnitInfo - No LoadTimeWeaver setup: ignoring JPA class transformer
2025-09-18 21:26:03 INFO  [restartedMain] com.zaxxer.hikari.HikariDataSource - HikariPool-1 - Starting...
2025-09-18 21:26:03 INFO  [restartedMain] com.zaxxer.hikari.pool.HikariPool - HikariPool-1 - Added connection org.mariadb.jdbc.Connection@76a32841
2025-09-18 21:26:03 INFO  [restartedMain] com.zaxxer.hikari.HikariDataSource - HikariPool-1 - Start completed.
2025-09-18 21:26:03 INFO  [restartedMain] o.hibernate.orm.connections.pooling - HHH10001005: Database info:
	Database JDBC URL [Connecting through datasource 'HikariDataSource (HikariPool-1)']
	Database driver: undefined/unknown
	Database version: 12.0.2
	Autocommit mode: undefined/unknown
	Isolation level: undefined/unknown
	Minimum pool size: undefined/unknown
	Maximum pool size: undefined/unknown
2025-09-18 21:26:05 INFO  [restartedMain] o.h.e.t.j.p.i.JtaPlatformInitiator - HHH000489: No JTA platform available (set 'hibernate.transaction.jta.platform' to enable JTA platform integration)
2025-09-18 21:26:05 DEBUG [restartedMain] org.hibernate.SQL - alter table if exists hotel_tbl modify column hotel_rating DECIMAL(2,1) DEFAULT 0.0
2025-09-18 21:26:05 DEBUG [restartedMain] org.hibernate.SQL - alter table if exists hotel_tbl modify column hotel_type enum ('hotel','motel','resort') not null
2025-09-18 21:26:05 DEBUG [restartedMain] org.hibernate.SQL - alter table if exists member_tbl modify column provider enum ('apple','facebook','google','local') not null
2025-09-18 21:26:05 DEBUG [restartedMain] org.hibernate.SQL - alter table if exists reservations_tbl modify column reservations_status TINYINT DEFAULT 0 not null
2025-09-18 21:26:05 DEBUG [restartedMain] org.hibernate.SQL - alter table if exists room_pricing_tbl modify column price DECIMAL(10,2) not null
2025-09-18 21:26:05 DEBUG [restartedMain] org.hibernate.SQL - alter table if exists room_tbl modify column base_price DECIMAL(10,2)
2025-09-18 21:26:05 DEBUG [restartedMain] org.hibernate.SQL - alter table if exists ticket_tbl modify column is_used TINYINT DEFAULT 0 not null
2025-09-18 21:26:05 INFO  [restartedMain] o.s.o.j.LocalContainerEntityManagerFactoryBean - Initialized JPA EntityManagerFactory for persistence unit 'default'
2025-09-18 21:26:05 WARN  [restartedMain] o.s.b.a.o.j.JpaBaseConfiguration$JpaWebConfiguration - spring.jpa.open-in-view is enabled by default. Therefore, database queries may be performed during view rendering. Explicitly configure spring.jpa.open-in-view to disable this warning
2025-09-18 21:26:05 WARN  [restartedMain] o.s.b.a.m.MustacheAutoConfiguration - Cannot find template location: classpath:/templates/ (please add some templates, check your Mustache configuration, or set spring.mustache.check-template-location=false)
2025-09-18 21:26:06 INFO  [restartedMain] o.s.b.d.a.OptionalLiveReloadServer - LiveReload server is running on port 35729
2025-09-18 21:26:06 INFO  [restartedMain] o.a.coyote.http11.Http11NioProtocol - Starting ProtocolHandler ["http-nio-8080"]
2025-09-18 21:26:06 INFO  [restartedMain] o.s.b.w.e.tomcat.TomcatWebServer - Tomcat started on port 8080 (http) with context path '/'
2025-09-18 21:26:06 INFO  [restartedMain] c.h.HotelProjectApplication - Started HotelProjectApplication in 5.391 seconds (process running for 6.609)
2025-09-18 21:26:41 INFO  [SpringApplicationShutdownHook] o.s.b.w.e.tomcat.GracefulShutdown - Commencing graceful shutdown. Waiting for active requests to complete
2025-09-18 21:26:41 INFO  [tomcat-shutdown] o.s.b.w.e.tomcat.GracefulShutdown - Graceful shutdown complete
2025-09-18 21:26:41 INFO  [SpringApplicationShutdownHook] o.s.o.j.LocalContainerEntityManagerFactoryBean - Closing JPA EntityManagerFactory for persistence unit 'default'
2025-09-18 21:26:41 INFO  [SpringApplicationShutdownHook] com.zaxxer.hikari.HikariDataSource - HikariPool-1 - Shutdown initiated...
2025-09-18 21:26:41 INFO  [SpringApplicationShutdownHook] com.zaxxer.hikari.HikariDataSource - HikariPool-1 - Shutdown completed.
2025-09-18 21:26:47 INFO  [background-preinit] o.h.validator.internal.util.Version - HV000001: Hibernate Validator 8.0.3.Final
2025-09-18 21:26:47 INFO  [restartedMain] c.h.HotelProjectApplication - Starting HotelProjectApplication using Java 21.0.7 with PID 11212 (D:\mjc813\Github\c_team_project\hotel_project\target\classes started by MJC in D:\mjc813\Github\c_team_project\hotel_project)
2025-09-18 21:26:47 INFO  [restartedMain] c.h.HotelProjectApplication - The following 1 profile is active: "local"
2025-09-18 21:26:47 INFO  [restartedMain] o.s.b.d.e.DevToolsPropertyDefaultsPostProcessor - Devtools property defaults active! Set 'spring.devtools.add-properties' to 'false' to disable
2025-09-18 21:26:47 INFO  [restartedMain] o.s.b.d.e.DevToolsPropertyDefaultsPostProcessor - For additional web related logging consider setting the 'logging.level.web' property to 'DEBUG'
2025-09-18 21:26:48 INFO  [restartedMain] o.s.d.r.c.RepositoryConfigurationDelegate - Bootstrapping Spring Data JPA repositories in DEFAULT mode.
2025-09-18 21:26:48 INFO  [restartedMain] o.s.d.r.c.RepositoryConfigurationDelegate - Finished Spring Data repository scanning in 37 ms. Found 0 JPA repository interfaces.
2025-09-18 21:26:48 WARN  [restartedMain] o.m.s.mapper.ClassPathMapperScanner - No MyBatis mapper was found in '[com.hotel_project]' package. Please check your configuration.
2025-09-18 21:26:49 INFO  [restartedMain] o.s.b.w.e.tomcat.TomcatWebServer - Tomcat initialized with port 8080 (http)
2025-09-18 21:26:49 INFO  [restartedMain] o.a.coyote.http11.Http11NioProtocol - Initializing ProtocolHandler ["http-nio-8080"]
2025-09-18 21:26:49 INFO  [restartedMain] o.a.catalina.core.StandardService - Starting service [Tomcat]
2025-09-18 21:26:49 INFO  [restartedMain] o.a.catalina.core.StandardEngine - Starting Servlet engine: [Apache Tomcat/10.1.44]
2025-09-18 21:26:49 INFO  [restartedMain] o.a.c.c.C.[Tomcat].[localhost].[/] - Initializing Spring embedded WebApplicationContext
2025-09-18 21:26:49 INFO  [restartedMain] o.s.b.w.s.c.ServletWebServerApplicationContext - Root WebApplicationContext: initialization completed in 1674 ms
2025-09-18 21:26:49 INFO  [restartedMain] o.h.jpa.internal.util.LogHelper - HHH000204: Processing PersistenceUnitInfo [name: default]
2025-09-18 21:26:49 INFO  [restartedMain] org.hibernate.Version - HHH000412: Hibernate ORM core version 6.6.26.Final
2025-09-18 21:26:49 INFO  [restartedMain] o.h.c.i.RegionFactoryInitiator - HHH000026: Second-level cache disabled
2025-09-18 21:26:50 INFO  [restartedMain] o.s.o.j.p.SpringPersistenceUnitInfo - No LoadTimeWeaver setup: ignoring JPA class transformer
2025-09-18 21:26:50 INFO  [restartedMain] com.zaxxer.hikari.HikariDataSource - HikariPool-1 - Starting...
2025-09-18 21:26:50 INFO  [restartedMain] com.zaxxer.hikari.pool.HikariPool - HikariPool-1 - Added connection org.mariadb.jdbc.Connection@76b6a0b0
2025-09-18 21:26:50 INFO  [restartedMain] com.zaxxer.hikari.HikariDataSource - HikariPool-1 - Start completed.
2025-09-18 21:26:50 INFO  [restartedMain] o.hibernate.orm.connections.pooling - HHH10001005: Database info:
	Database JDBC URL [Connecting through datasource 'HikariDataSource (HikariPool-1)']
	Database driver: undefined/unknown
	Database version: 12.0.2
	Autocommit mode: undefined/unknown
	Isolation level: undefined/unknown
	Minimum pool size: undefined/unknown
	Maximum pool size: undefined/unknown
2025-09-18 21:26:51 INFO  [restartedMain] o.h.e.t.j.p.i.JtaPlatformInitiator - HHH000489: No JTA platform available (set 'hibernate.transaction.jta.platform' to enable JTA platform integration)
2025-09-18 21:26:52 DEBUG [restartedMain] org.hibernate.SQL - alter table if exists hotel_tbl modify column hotel_rating DECIMAL(2,1) DEFAULT 0.0
2025-09-18 21:26:52 DEBUG [restartedMain] org.hibernate.SQL - alter table if exists hotel_tbl modify column hotel_type enum ('hotel','motel','resort') not null
2025-09-18 21:26:52 DEBUG [restartedMain] org.hibernate.SQL - alter table if exists member_tbl modify column provider enum ('apple','facebook','google','local') not null
2025-09-18 21:26:52 DEBUG [restartedMain] org.hibernate.SQL - alter table if exists reservations_tbl modify column reservations_status TINYINT DEFAULT 0 not null
2025-09-18 21:26:52 DEBUG [restartedMain] org.hibernate.SQL - alter table if exists room_pricing_tbl modify column price DECIMAL(10,2) not null
2025-09-18 21:26:52 DEBUG [restartedMain] org.hibernate.SQL - alter table if exists room_tbl modify column base_price DECIMAL(10,2)
2025-09-18 21:26:52 DEBUG [restartedMain] org.hibernate.SQL - alter table if exists ticket_tbl modify column is_used TINYINT DEFAULT 0 not null
2025-09-18 21:26:52 INFO  [restartedMain] o.s.o.j.LocalContainerEntityManagerFactoryBean - Initialized JPA EntityManagerFactory for persistence unit 'default'
2025-09-18 21:26:52 WARN  [restartedMain] o.s.b.a.o.j.JpaBaseConfiguration$JpaWebConfiguration - spring.jpa.open-in-view is enabled by default. Therefore, database queries may be performed during view rendering. Explicitly configure spring.jpa.open-in-view to disable this warning
2025-09-18 21:26:52 WARN  [restartedMain] o.s.b.a.m.MustacheAutoConfiguration - Cannot find template location: classpath:/templates/ (please add some templates, check your Mustache configuration, or set spring.mustache.check-template-location=false)
2025-09-18 21:26:52 INFO  [restartedMain] o.s.b.d.a.OptionalLiveReloadServer - LiveReload server is running on port 35729
2025-09-18 21:26:52 INFO  [restartedMain] o.a.coyote.http11.Http11NioProtocol - Starting ProtocolHandler ["http-nio-8080"]
2025-09-18 21:26:52 INFO  [restartedMain] o.s.b.w.e.tomcat.TomcatWebServer - Tomcat started on port 8080 (http) with context path '/'
2025-09-18 21:26:52 INFO  [restartedMain] c.h.HotelProjectApplication - Started HotelProjectApplication in 5.956 seconds (process running for 7.222)
2025-09-18 21:34:18 INFO  [SpringApplicationShutdownHook] o.s.b.w.e.tomcat.GracefulShutdown - Commencing graceful shutdown. Waiting for active requests to complete
2025-09-18 21:34:18 INFO  [tomcat-shutdown] o.s.b.w.e.tomcat.GracefulShutdown - Graceful shutdown complete
2025-09-18 21:34:18 INFO  [SpringApplicationShutdownHook] o.s.o.j.LocalContainerEntityManagerFactoryBean - Closing JPA EntityManagerFactory for persistence unit 'default'
2025-09-18 21:34:18 INFO  [SpringApplicationShutdownHook] com.zaxxer.hikari.HikariDataSource - HikariPool-1 - Shutdown initiated...
2025-09-18 21:34:18 INFO  [SpringApplicationShutdownHook] com.zaxxer.hikari.HikariDataSource - HikariPool-1 - Shutdown completed.
2025-09-18 21:45:19 INFO  [background-preinit] o.h.validator.internal.util.Version - HV000001: Hibernate Validator 8.0.3.Final
2025-09-18 21:45:19 INFO  [restartedMain] c.h.HotelProjectApplication - Starting HotelProjectApplication using Java 21.0.7 with PID 8780 (D:\mjc813\Github\c_team_project\hotel_project\target\classes started by MJC in D:\mjc813\Github\c_team_project\hotel_project)
2025-09-18 21:45:19 INFO  [restartedMain] c.h.HotelProjectApplication - The following 1 profile is active: "local"
2025-09-18 21:45:19 INFO  [restartedMain] o.s.b.d.e.DevToolsPropertyDefaultsPostProcessor - Devtools property defaults active! Set 'spring.devtools.add-properties' to 'false' to disable
2025-09-18 21:45:19 INFO  [restartedMain] o.s.b.d.e.DevToolsPropertyDefaultsPostProcessor - For additional web related logging consider setting the 'logging.level.web' property to 'DEBUG'
2025-09-18 21:45:20 INFO  [restartedMain] o.s.d.r.c.RepositoryConfigurationDelegate - Bootstrapping Spring Data JPA repositories in DEFAULT mode.
2025-09-18 21:45:20 INFO  [restartedMain] o.s.d.r.c.RepositoryConfigurationDelegate - Finished Spring Data repository scanning in 31 ms. Found 0 JPA repository interfaces.
2025-09-18 21:45:20 WARN  [restartedMain] o.m.s.mapper.ClassPathMapperScanner - No MyBatis mapper was found in '[com.hotel_project]' package. Please check your configuration.
2025-09-18 21:45:21 INFO  [restartedMain] o.s.b.w.e.tomcat.TomcatWebServer - Tomcat initialized with port 8080 (http)
2025-09-18 21:45:21 INFO  [restartedMain] o.a.coyote.http11.Http11NioProtocol - Initializing ProtocolHandler ["http-nio-8080"]
2025-09-18 21:45:21 INFO  [restartedMain] o.a.catalina.core.StandardService - Starting service [Tomcat]
2025-09-18 21:45:21 INFO  [restartedMain] o.a.catalina.core.StandardEngine - Starting Servlet engine: [Apache Tomcat/10.1.44]
2025-09-18 21:45:21 INFO  [restartedMain] o.a.c.c.C.[Tomcat].[localhost].[/] - Initializing Spring embedded WebApplicationContext
2025-09-18 21:45:21 INFO  [restartedMain] o.s.b.w.s.c.ServletWebServerApplicationContext - Root WebApplicationContext: initialization completed in 1507 ms
2025-09-18 21:45:21 INFO  [restartedMain] o.h.jpa.internal.util.LogHelper - HHH000204: Processing PersistenceUnitInfo [name: default]
2025-09-18 21:45:21 INFO  [restartedMain] org.hibernate.Version - HHH000412: Hibernate ORM core version 6.6.26.Final
2025-09-18 21:45:21 INFO  [restartedMain] o.h.c.i.RegionFactoryInitiator - HHH000026: Second-level cache disabled
2025-09-18 21:45:22 INFO  [restartedMain] o.s.o.j.p.SpringPersistenceUnitInfo - No LoadTimeWeaver setup: ignoring JPA class transformer
2025-09-18 21:45:22 INFO  [restartedMain] com.zaxxer.hikari.HikariDataSource - HikariPool-1 - Starting...
2025-09-18 21:45:22 INFO  [restartedMain] com.zaxxer.hikari.pool.HikariPool - HikariPool-1 - Added connection org.mariadb.jdbc.Connection@25315e85
2025-09-18 21:45:22 INFO  [restartedMain] com.zaxxer.hikari.HikariDataSource - HikariPool-1 - Start completed.
2025-09-18 21:45:22 INFO  [restartedMain] o.hibernate.orm.connections.pooling - HHH10001005: Database info:
	Database JDBC URL [Connecting through datasource 'HikariDataSource (HikariPool-1)']
	Database driver: undefined/unknown
	Database version: 12.0.2
	Autocommit mode: undefined/unknown
	Isolation level: undefined/unknown
	Minimum pool size: undefined/unknown
	Maximum pool size: undefined/unknown
2025-09-18 21:45:23 INFO  [restartedMain] o.h.e.t.j.p.i.JtaPlatformInitiator - HHH000489: No JTA platform available (set 'hibernate.transaction.jta.platform' to enable JTA platform integration)
2025-09-18 21:45:23 DEBUG [restartedMain] org.hibernate.SQL - alter table if exists hotel_tbl modify column hotel_rating DECIMAL(2,1) DEFAULT 0.0
2025-09-18 21:45:23 DEBUG [restartedMain] org.hibernate.SQL - alter table if exists hotel_tbl modify column hotel_type enum ('hotel','motel','resort') not null
2025-09-18 21:45:23 DEBUG [restartedMain] org.hibernate.SQL - alter table if exists member_tbl modify column provider enum ('apple','facebook','google','local') not null
2025-09-18 21:45:23 DEBUG [restartedMain] org.hibernate.SQL - alter table if exists reservations_tbl modify column reservations_status TINYINT DEFAULT 0 not null
2025-09-18 21:45:23 DEBUG [restartedMain] org.hibernate.SQL - alter table if exists room_pricing_tbl modify column price DECIMAL(10,2) not null
2025-09-18 21:45:23 DEBUG [restartedMain] org.hibernate.SQL - alter table if exists room_tbl modify column base_price DECIMAL(10,2)
2025-09-18 21:45:23 DEBUG [restartedMain] org.hibernate.SQL - alter table if exists ticket_tbl modify column is_used TINYINT DEFAULT 0 not null
2025-09-18 21:45:24 INFO  [restartedMain] o.s.o.j.LocalContainerEntityManagerFactoryBean - Initialized JPA EntityManagerFactory for persistence unit 'default'
2025-09-18 21:45:24 WARN  [restartedMain] o.s.b.a.o.j.JpaBaseConfiguration$JpaWebConfiguration - spring.jpa.open-in-view is enabled by default. Therefore, database queries may be performed during view rendering. Explicitly configure spring.jpa.open-in-view to disable this warning
2025-09-18 21:45:24 WARN  [restartedMain] o.s.b.a.m.MustacheAutoConfiguration - Cannot find template location: classpath:/templates/ (please add some templates, check your Mustache configuration, or set spring.mustache.check-template-location=false)
2025-09-18 21:45:24 INFO  [restartedMain] o.s.b.d.a.OptionalLiveReloadServer - LiveReload server is running on port 35729
2025-09-18 21:45:24 INFO  [restartedMain] o.a.coyote.http11.Http11NioProtocol - Starting ProtocolHandler ["http-nio-8080"]
2025-09-18 21:45:24 INFO  [restartedMain] o.s.b.w.e.tomcat.TomcatWebServer - Tomcat started on port 8080 (http) with context path '/'
2025-09-18 21:45:24 INFO  [restartedMain] c.h.HotelProjectApplication - Started HotelProjectApplication in 5.805 seconds (process running for 6.976)
2025-09-18 21:45:25 INFO  [http-nio-8080-exec-1] o.a.c.c.C.[Tomcat].[localhost].[/] - Initializing Spring DispatcherServlet 'dispatcherServlet'
2025-09-18 21:45:25 INFO  [http-nio-8080-exec-1] o.s.web.servlet.DispatcherServlet - Initializing Servlet 'dispatcherServlet'
2025-09-18 21:45:25 INFO  [http-nio-8080-exec-1] o.s.web.servlet.DispatcherServlet - Completed initialization in 1 ms
2025-09-18 21:45:25 WARN  [http-nio-8080-exec-1] o.s.w.s.m.m.a.ExceptionHandlerExceptionResolver - Resolved [org.springframework.web.bind.MissingServletRequestParameterException: Required request parameter '아무거나' for method parameter type String is not present]
